0 info it worked if it ends with ok
1 verbose cli [ '/usr/bin/node',
1 verbose cli   '/usr/bin/npm',
1 verbose cli   'install',
1 verbose cli   '-g',
1 verbose cli   'mongo-hacker' ]
2 info using npm@2.11.3
3 info using node@v0.12.7
4 verbose node symlink /usr/bin/node
5 verbose install initial load of /usr/lib/package.json
6 verbose readDependencies loading dependencies from /usr/lib/package.json
7 silly cache add args [ 'mongo-hacker', null ]
8 verbose cache add spec mongo-hacker
9 silly cache add parsed spec { raw: 'mongo-hacker',
9 silly cache add   scope: null,
9 silly cache add   name: 'mongo-hacker',
9 silly cache add   rawSpec: '',
9 silly cache add   spec: '*',
9 silly cache add   type: 'range' }
10 silly addNamed mongo-hacker@*
11 verbose addNamed "*" is a valid semver range for mongo-hacker
12 silly addNameRange { name: 'mongo-hacker', range: '*', hasData: false }
13 silly mapToRegistry name mongo-hacker
14 silly mapToRegistry using default registry
15 silly mapToRegistry registry https://registry.npmjs.org/
16 silly mapToRegistry uri https://registry.npmjs.org/mongo-hacker
17 verbose addNameRange registry:https://registry.npmjs.org/mongo-hacker not in flight; fetching
18 verbose request uri https://registry.npmjs.org/mongo-hacker
19 verbose request no auth needed
20 info attempt registry request try #1 at 19:57:38
21 verbose request id bfee81964614e1d8
22 verbose etag "D28D2XTUJ3WNV2O0H61S3NB2J"
23 http request GET https://registry.npmjs.org/mongo-hacker
24 http 304 https://registry.npmjs.org/mongo-hacker
25 silly get cb [ 304,
25 silly get   { date: 'Sun, 15 Nov 2015 21:57:41 GMT',
25 silly get     via: '1.1 varnish',
25 silly get     'cache-control': 'max-age=60',
25 silly get     etag: '"D28D2XTUJ3WNV2O0H61S3NB2J"',
25 silly get     age: '0',
25 silly get     connection: 'keep-alive',
25 silly get     'x-served-by': 'cache-jfk1035-JFK',
25 silly get     'x-cache': 'HIT',
25 silly get     'x-cache-hits': '1',
25 silly get     'x-timer': 'S1447624661.041282,VS0,VE23',
25 silly get     vary: 'Accept' } ]
26 verbose etag https://registry.npmjs.org/mongo-hacker from cache
27 verbose get saving mongo-hacker to /root/.npm/registry.npmjs.org/mongo-hacker/.cache.json
28 silly addNameRange number 2 { name: 'mongo-hacker', range: '*', hasData: true }
29 silly addNameRange versions [ 'mongo-hacker', [ '0.0.3', '0.0.4', '0.0.5', '0.0.8' ] ]
30 silly addNamed mongo-hacker@0.0.8
31 verbose addNamed "0.0.8" is a plain semver version for mongo-hacker
32 silly cache afterAdd mongo-hacker@0.0.8
33 verbose afterAdd /root/.npm/mongo-hacker/0.0.8/package/package.json not in flight; writing
34 verbose afterAdd /root/.npm/mongo-hacker/0.0.8/package/package.json written
35 silly install resolved [ { name: 'mongo-hacker',
35 silly install resolved     version: '0.0.8',
35 silly install resolved     description: 'MongoDB Shell Enhancements for Hackers',
35 silly install resolved     scripts:
35 silly install resolved      { test: 'echo "Error: no test specified" && exit 1',
35 silly install resolved        install: 'make install',
35 silly install resolved        update: 'make install',
35 silly install resolved        postuninstall: 'make uninstall' },
35 silly install resolved     preferGlobal: true,
35 silly install resolved     repository:
35 silly install resolved      { type: 'git',
35 silly install resolved        url: 'git+ssh://git@github.com/TylerBrock/mongo-hacker.git' },
35 silly install resolved     keywords: [ 'mongodb', 'shell', 'hacks', 'tweaks' ],
35 silly install resolved     author: { name: 'Tyler Brock', email: 'tyler.brock@gmail.com' },
35 silly install resolved     homepage: 'http://tylerbrock.github.io/mongo-hacker/',
35 silly install resolved     license: 'MIT',
35 silly install resolved     bugs: { url: 'https://github.com/TylerBrock/mongo-hacker/issues' },
35 silly install resolved     gitHead: '78f9412df818daff3f82ed6c5f25ac60f35e4ba8',
35 silly install resolved     _id: 'mongo-hacker@0.0.8',
35 silly install resolved     _shasum: 'affb7e7577b9e9b234432a868ba6d93e6d3411e5',
35 silly install resolved     _from: 'mongo-hacker@*',
35 silly install resolved     _npmVersion: '2.7.5',
35 silly install resolved     _nodeVersion: '0.12.2',
35 silly install resolved     _npmUser: { name: 'tylerbrock', email: 'tyler.brock@gmail.com' },
35 silly install resolved     maintainers: [ [Object] ],
35 silly install resolved     dist:
35 silly install resolved      { shasum: 'affb7e7577b9e9b234432a868ba6d93e6d3411e5',
35 silly install resolved        tarball: 'http://registry.npmjs.org/mongo-hacker/-/mongo-hacker-0.0.8.tgz' },
35 silly install resolved     directories: {},
35 silly install resolved     _resolved: 'https://registry.npmjs.org/mongo-hacker/-/mongo-hacker-0.0.8.tgz',
35 silly install resolved     readme: 'ERROR: No README data found!' } ]
36 info install mongo-hacker@0.0.8 into /usr/lib
37 info installOne mongo-hacker@0.0.8
38 verbose installOne of mongo-hacker to /usr/lib not in flight; installing
39 verbose lock using /root/.npm/_locks/mongo-hacker-d04d7301458a0041.lock for /usr/lib/node_modules/mongo-hacker
40 silly install write writing mongo-hacker 0.0.8 to /usr/lib/node_modules/mongo-hacker
41 verbose unbuild lib/node_modules/mongo-hacker
42 silly gentlyRm /usr/lib/node_modules/mongo-hacker is being purged from base /usr
43 verbose gentlyRm don't care about contents; nuking /usr/lib/node_modules/mongo-hacker
44 verbose tar unpack /root/.npm/mongo-hacker/0.0.8/package.tgz
45 verbose tar unpacking to /usr/lib/node_modules/mongo-hacker
46 silly gentlyRm /usr/lib/node_modules/mongo-hacker is being purged
47 verbose gentlyRm don't care about contents; nuking /usr/lib/node_modules/mongo-hacker
48 silly gunzTarPerm modes [ '755', '644' ]
49 silly gunzTarPerm extractEntry package.json
50 silly gunzTarPerm extractEntry .npmignore
51 silly gunzTarPerm extractEntry README.md
52 silly gunzTarPerm extractEntry LICENSE
53 silly gunzTarPerm extractEntry base.js
54 silly gunzTarPerm extractEntry config.js
55 silly gunzTarPerm extractEntry Makefile
56 silly gunzTarPerm extractEntry hacks/aggregation.js
57 silly gunzTarPerm extractEntry hacks/color.js
58 silly gunzTarPerm extractEntry hacks/common.js
59 silly gunzTarPerm extractEntry hacks/count.js
60 silly gunzTarPerm extractEntry hacks/find_and_modify.js
61 silly gunzTarPerm extractEntry hacks/cmd_search.js
62 silly gunzTarPerm extractEntry hacks/index_paranoia.js
63 silly gunzTarPerm extractEntry hacks/old_aggregation.js
64 silly gunzTarPerm extractEntry hacks/prompt.js
65 silly gunzTarPerm extractEntry hacks/sh_status.js
66 silly gunzTarPerm extractEntry hacks/show.js
67 silly gunzTarPerm extractEntry hacks/auto_complete.js
68 silly gunzTarPerm extractEntry hacks/uuid.js
69 silly gunzTarPerm extractEntry hacks/api.js
70 silly gunzTarPerm extractEntry hacks/verbose.js
71 silly gunzTarPerm extractEntry hacks/helpers.js
72 verbose write writing to /usr/lib/node_modules/mongo-hacker/package.json
73 info preinstall mongo-hacker@0.0.8
74 verbose readDependencies loading dependencies from /usr/lib/node_modules/mongo-hacker/package.json
75 verbose readDependencies loading dependencies from /usr/lib/node_modules/mongo-hacker/package.json
76 silly install resolved []
77 verbose about to build /usr/lib/node_modules/mongo-hacker
78 info build /usr/lib/node_modules/mongo-hacker
79 info linkStuff mongo-hacker@0.0.8
80 silly linkStuff mongo-hacker@0.0.8 has /usr/lib/node_modules as its parent node_modules
81 silly linkStuff mongo-hacker@0.0.8 is part of a global install
82 silly linkStuff mongo-hacker@0.0.8 is installed into a global node_modules
83 silly linkStuff mongo-hacker@0.0.8 is installed into the top-level global node_modules
84 verbose linkBins mongo-hacker@0.0.8
85 verbose linkMans mongo-hacker@0.0.8
86 verbose rebuildBundles mongo-hacker@0.0.8
87 info install mongo-hacker@0.0.8
88 verbose unsafe-perm in lifecycle false
89 info mongo-hacker@0.0.8 Failed to exec install script
90 verbose unlock done using /root/.npm/_locks/mongo-hacker-d04d7301458a0041.lock for /usr/lib/node_modules/mongo-hacker
91 verbose stack Error: mongo-hacker@0.0.8 install: `make install`
91 verbose stack Exit status 2
91 verbose stack     at EventEmitter.<anonymous> (/usr/lib/node_modules/npm/lib/utils/lifecycle.js:213:16)
91 verbose stack     at EventEmitter.emit (events.js:110:17)
91 verbose stack     at ChildProcess.<anonymous> (/usr/lib/node_modules/npm/lib/utils/spawn.js:24:14)
91 verbose stack     at ChildProcess.emit (events.js:110:17)
91 verbose stack     at maybeClose (child_process.js:1015:16)
91 verbose stack     at Process.ChildProcess._handle.onexit (child_process.js:1087:5)
92 verbose pkgid mongo-hacker@0.0.8
93 verbose cwd /home/victor/be-mean-instagram-mongodb
94 error Linux 3.19.0-32-generic
95 error argv "/usr/bin/node" "/usr/bin/npm" "install" "-g" "mongo-hacker"
96 error node v0.12.7
97 error npm  v2.11.3
98 error code ELIFECYCLE
99 error mongo-hacker@0.0.8 install: `make install`
99 error Exit status 2
100 error Failed at the mongo-hacker@0.0.8 install script 'make install'.
100 error This is most likely a problem with the mongo-hacker package,
100 error not with npm itself.
100 error Tell the author that this fails on your system:
100 error     make install
100 error You can get their info via:
100 error     npm owner ls mongo-hacker
100 error There is likely additional logging output above.
101 verbose exit [ 1, true ]
102 verbose unbuild lib/node_modules/mongo-hacker
103 info preuninstall mongo-hacker@0.0.8
104 info uninstall mongo-hacker@0.0.8
105 verbose unbuild rmStuff mongo-hacker@0.0.8 from /usr/lib/node_modules
106 info postuninstall mongo-hacker@0.0.8
107 verbose unsafe-perm in lifecycle false
108 info mongo-hacker@0.0.8 Failed to exec postuninstall script
109 warn continuing anyway mongo-hacker@0.0.8 postuninstall: `make uninstall`
109 warn continuing anyway Exit status 2
110 silly gentlyRm /usr/lib/node_modules/mongo-hacker is being purged from base /usr
111 verbose gentlyRm don't care about contents; nuking /usr/lib/node_modules/mongo-hacker
112 silly vacuum-fs purging /usr/lib/node_modules/mongo-hacker
113 silly vacuum-fs quitting because other entries in /usr/lib/node_modules
